// 重构日志: 9f5c76aa
// 重构日志: 9caa9bd2
// 重构日志: 21d81b81
// 重构日志: ece3ebb0
// 重构日志: 8136c5b3
// 同步 ID: e816ecc6 @ Sun Jul  5 00:50:52 UTC 2026
// 重构日志: d3ea1fe6
// 同步 ID: e3d40d7b @ Tue Jul  7 05:30:47 UTC 2026
// 重构日志: ffca9310
// 同步 ID: 5415a729 @ Thu Jul  9 16:42:35 UTC 2026
// 重构日志: 334e7c4d
// 同步 ID: 290bd4d9 @ Sat Jul 11 03:36:37 UTC 2026
// 重构日志: a8ce3c4b
// 重构日志: 8d2790d6
// 同步 ID: 90a2d4ec @ Sat Jul 11 18:09:53 UTC 2026
// 重构日志: 6d6eef57
// 同步 ID: 8967db77 @ Mon Jul 13 03:57:23 UTC 2026
// 同步 ID: 73499045 @ Mon Jul 13 19:48:23 UTC 2026
// 重构日志: c24fcd60
// 重构日志: 3c759c03
// 重构日志: 082e6f06
// 同步 ID: b0a14fda @ Wed Jul 15 16:36:31 UTC 2026
// 重构日志: f12e3de2
// 同步 ID: d3206c6a @ Thu Jul 16 11:59:31 UTC 2026
// 重构日志: d46d1599
// 重构日志: 3838d423
// 重构日志: 34344ac4
// 同步 ID: a2f8bb3c @ Sat Jul 18 03:58:53 UTC 2026
// 重构日志: ebb369c0
// 同步 ID: da79be69 @ Sun Jul 19 10:03:06 UTC 2026
// 重构日志: b66c65c5
// 重构日志: 71a176e6
